Flutter crash report; please file at https://github.com/flutter/flutter/issues.

## command

flutter --no-color packages get

## exception

YamlException: Error on line 12, column 19: Mapping values are not allowed here. Did you miss a colon earlier?
   cupertino_icons: "^0.1.2"
                  ^

```
#0      Scanner._fetchValue (package:yaml/src/scanner.dart:713)
#1      Scanner._fetchNextToken (package:yaml/src/scanner.dart:457)
#2      Scanner._fetchMoreTokens (package:yaml/src/scanner.dart:339)
#3      Scanner.peek (package:yaml/src/scanner.dart:317)
#4      Parser._parseBlockMappingKey (package:yaml/src/parser.dart:418)
#5      Parser._stateMachine (package:yaml/src/parser.dart:86)
#6      Parser.parse (package:yaml/src/parser.dart:47)
#7      Loader._loadMapping (package:yaml/src/loader.dart:171)
#8      Loader._loadNode (package:yaml/src/loader.dart:86)
#9      Loader._loadMapping (package:yaml/src/loader.dart:165)
#10     Loader._loadNode (package:yaml/src/loader.dart:86)
#11     Loader._loadDocument (package:yaml/src/loader.dart:62)
#12     Loader.load (package:yaml/src/loader.dart:54)
#13     loadYamlDocument (package:yaml/yaml.dart:51)
#14     loadYamlNode (package:yaml/yaml.dart:42)
#15     loadYaml (package:yaml/yaml.dart:34)
#16     _pluginFromPubspec (package:flutter_tools/src/plugins.dart:52)
#17     _findPlugins.<anonymous closure> (package:flutter_tools/src/plugins.dart:75)
#18     _HashVMBase&MapMixin&&_LinkedHashMapMixin.forEach (dart:collection-patch/dart:collection/compact_hash.dart:363)
#19     _findPlugins (package:flutter_tools/src/plugins.dart:73)
#20     injectPlugins (package:flutter_tools/src/plugins.dart:238)
#21     FlutterProject.ensureReadyForPlatformSpecificTooling (package:flutter_tools/src/project.dart:62)
#22     PackagesGetCommand.runCommand (package:flutter_tools/src/commands/packages.dart:80)
<asynchronous suspension>
#23     FlutterCommand.verifyThenRunCommand (package:flutter_tools/src/runner/flutter_command.dart:333)
<asynchronous suspension>
#24     FlutterCommand.run.<anonymous closure> (package:flutter_tools/src/runner/flutter_command.dart:270)
<asynchronous suspension>
#25     AppContext.run.<anonymous closure> (package:flutter_tools/src/base/context.dart:142)
<asynchronous suspension>
#26     _rootRun (dart:async/zone.dart:1126)
#27     _CustomZone.run (dart:async/zone.dart:1023)
#28     runZoned (dart:async/zone.dart:1501)
#29     AppContext.run (package:flutter_tools/src/base/context.dart:141)
<asynchronous suspension>
#30     FlutterCommand.run (package:flutter_tools/src/runner/flutter_command.dart:261)
#31     CommandRunner.runCommand (package:args/command_runner.dart:194)
<asynchronous suspension>
#32     FlutterCommandRunner.runCommand.<anonymous closure> (package:flutter_tools/src/runner/flutter_command_runner.dart:309)
<asynchronous suspension>
#33     AppContext.run.<anonymous closure> (package:flutter_tools/src/base/context.dart:142)
<asynchronous suspension>
#34     _rootRun (dart:async/zone.dart:1126)
#35     _CustomZone.run (dart:async/zone.dart:1023)
#36     runZoned (dart:async/zone.dart:1501)
#37     AppContext.run (package:flutter_tools/src/base/context.dart:141)
<asynchronous suspension>
#38     FlutterCommandRunner.runCommand (package:flutter_tools/src/runner/flutter_command_runner.dart:265)
<asynchronous suspension>
#39     CommandRunner.run.<anonymous closure> (package:args/command_runner.dart:109)
#40     new Future.sync (dart:async/future.dart:224)
#41     CommandRunner.run (package:args/command_runner.dart:109)
#42     FlutterCommandRunner.run (package:flutter_tools/src/runner/flutter_command_runner.dart:174)
#43     run.<anonymous closure> (package:flutter_tools/runner.dart:54)
<asynchronous suspension>
#44     AppContext.run.<anonymous closure> (package:flutter_tools/src/base/context.dart:142)
<asynchronous suspension>
#45     _rootRun (dart:async/zone.dart:1126)
#46     _CustomZone.run (dart:async/zone.dart:1023)
#47     runZoned (dart:async/zone.dart:1501)
#48     AppContext.run (package:flutter_tools/src/base/context.dart:141)
<asynchronous suspension>
#49     runInContext (package:flutter_tools/src/context_runner.dart:41)
<asynchronous suspension>
#50     run (package:flutter_tools/runner.dart:49)
#51     main (package:flutter_tools/executable.dart:48)
<asynchronous suspension>
#52     main (file:///b/build/slave/Mac_Flutter_Packaging/build/archive/flutter/packages/flutter_tools/bin/flutter_tools.dart:8)
#53     _startIsolate.<anonymous closure> (dart:isolate-patch/dart:isolate/isolate_patch.dart:277)
#54     _RawReceivePortImpl._handleMessage (dart:isolate-patch/dart:isolate/isolate_patch.dart:165)
```

## flutter doctor

```
[✓] Flutter (Channel beta, v0.3.2, on Mac OS X 10.13.4 17E199, locale zh-Hans-CN)
    • Flutter version 0.3.2 at /Users/zhangzhe/Documents/flutter/flutter
    • Framework revision 44b7e7d3f4 (6 weeks ago), 2018-04-20 01:02:44 -0700
    • Engine revision 09d05a3891
    • Dart version 2.0.0-dev.48.0.flutter-fe606f890b

[!] Android toolchain - develop for Android devices (Android SDK 27.0.3)
    • Android SDK at /Users/zhangzhe/Library/Android/sdk
    • Android NDK at /Users/zhangzhe/Library/Android/sdk/ndk-bundle
    • Platform android-27, build-tools 27.0.3
    • Java binary at: /Applications/Android Studio.app/Contents/jre/jdk/Contents/Home/bin/java
    • Java version OpenJDK Runtime Environment (build 1.8.0_152-release-915-b08)
    ! Some Android licenses not accepted.  To resolve this, run: flutter doctor --android-licenses

[!] iOS toolchain - develop for iOS devices
    ✗ Xcode installation is incomplete; a full installation is necessary for iOS development.
      Download at: https://developer.apple.com/xcode/download/
      Or install Xcode via the App Store.
      Once installed, run:
        sudo xcode-select --switch /Applications/Xcode.app/Contents/Developer
    • ios-deploy 1.9.2
    • CocoaPods version 1.4.0

[✓] Android Studio
    • Android Studio at /Applications/Android Studio 3.2 Preview.app/Contents
    ✗ Flutter plugin not installed; this adds Flutter specific functionality.
    ✗ Dart plugin not installed; this adds Dart specific functionality.
    • Java version OpenJDK Runtime Environment (build 1.8.0_152-release-1136-b02)

[✓] Android Studio (version 3.0)
    • Android Studio at /Applications/Android Studio.app/Contents
    • Flutter plugin version 23.2.1
    • Dart plugin version 171.4424
    • Java version OpenJDK Runtime Environment (build 1.8.0_152-release-915-b08)

[!] IntelliJ IDEA Ultimate Edition (version 2017.1.5)
    • IntelliJ at /Applications/IntelliJ IDEA.app
    ✗ Flutter plugin not installed; this adds Flutter specific functionality.
    ✗ Dart plugin not installed; this adds Dart specific functionality.
    • For information about installing plugins, see
      https://flutter.io/intellij-setup/#installing-the-plugins

[✓] Connected devices (1 available)
    • MI NOTE LTE • 18153558 • android-arm • Android 6.0.1 (API 23)

! Doctor found issues in 3 categories.
```
